{"name": "test_changeProfileInfo", "status": "failed", "statusDetails": {"message": "AssertionError: assert 'Alireza Saberi' == 'Alireza Saberi2'\n  \n  - Alireza Saberi2\n  ?               -\n  + Alireza Saberi", "trace": "self = <TestCases.test_change_profile_info.Test_ChangeProfileInfo object at 0x0000017AE7F26210>\nappium_driver = <appium.webdriver.webdriver.WebDriver (session=\"012063e8-92dd-4778-9258-23d86c680825\")>\n\n    def test_changeProfileInfo(self, appium_driver):\n        name = \"Alireza Saberi2\"\n        bio = \"I am a QA developer\"\n        link = \"https://www.linkedin.com/in/alireza-saberi/\"\n        gender = \"Male\"\n        birthday = \"07/12/1994\"\n        # home = HomeScreen(appium_driver)\n        # home.gotoProfile()\n        # profile = ProfileScreen(appium_driver)\n        # profile.gotoSettings()\n        # profile.gotoProfileMenu()\n        editProfile = EditProfileScreen(appium_driver)\n        # editProfile.clickOnChangePicture()\n        # editProfile.clickOnLibraryPhoto()\n        # editProfile.chosePhoto()\n        # editProfile.zoomPhoto()\n        # editProfile.swipePhoto()\n        # editProfile.acceptPhoto()\n        # editProfile.setName(name)\n        # editProfile.setBio(bio)\n        # editProfile.setLink(link)\n        # editProfile.choseSex(gender)\n        # editProfile.choseBirthday(birthday)\n        # editProfile.clickOnSave()\n        # editProfile.clickOnOk()\n    \n>       assert editProfile.getName() == name\nE       AssertionError: assert 'Alireza Saberi' == 'Alireza Saberi2'\nE         \nE         - Alireza Saberi2\nE         ?               -\nE         + Alireza Saberi\n\ntest_change_profile_info.py:39: AssertionError"}, "start": 1730583709432, "stop": 1730583709871, "uuid": "5d155adb-e657-4838-8924-92e57b66da52", "historyId": "62a8a87a56195f2bea551a65603e1178", "testCaseId": "62a8a87a56195f2bea551a65603e1178", "fullName": "test_change_profile_info.Test_ChangeProfileInfo#test_changeProfileInfo", "labels": [{"name": "tag", "value": "@pytest.mark.usefixtures('on_failure', 'appium_driver')"}, {"name": "suite", "value": "test_change_profile_info"}, {"name": "subSuite", "value": "Test_ChangeProfileInfo"}, {"name": "host", "value": "UOFT24-PW01BQ0L"}, {"name": "thread", "value": "21264-MainThread"}, {"name": "framework", "value": "pytest"}, {"name": "language", "value": "cpython3"}, {"name": "package", "value": "test_change_profile_info"}]}