{"name": "test_changeProfileInfo", "status": "failed", "statusDetails": {"message": "AssertionError: assert 'Alireza Saberi' == 'Alireza Saberi1'\n  \n  - Alireza Saberi1\n  ?               -\n  + Alireza Saberi", "trace": "self = <TestCases.test_change_profile_info.Test_ChangeProfileInfo object at 0x000002CAE4BAA210>\nappium_driver = <appium.webdriver.webdriver.WebDriver (session=\"2e1135ff-2ca3-4d51-a84a-fe6e605300c1\")>\n\n    def test_changeProfileInfo(self, appium_driver):\n        name = \"Alireza Saberi1\"\n        bio = \"I am a QA developer\"\n        link = \"https://www.linkedin.com/in/alireza-saberi/\"\n        gender = \"Male\"\n        birthday = \"07/12/1994\"\n        # home = HomeScreen(appium_driver)\n        # home.gotoProfile()\n        # profile = ProfileScreen(appium_driver)\n        # profile.gotoSettings()\n        # profile.gotoProfileMenu()\n        editProfile = EditProfileScreen(appium_driver)\n        # editProfile.clickOnChangePicture()\n        # editProfile.clickOnLibraryPhoto()\n        # editProfile.chosePhoto()\n        # editProfile.zoomPhoto()\n        # editProfile.swipePhoto()\n        # editProfile.acceptPhoto()\n        # editProfile.setName(name)\n        # editProfile.setBio(bio)\n        # editProfile.setLink(link)\n        # editProfile.choseSex(gender)\n        # editProfile.choseBirthday(birthday)\n        # editProfile.clickOnSave()\n        # editProfile.clickOnOk()\n    \n>       assert editProfile.getName() == name\nE       AssertionError: assert 'Alireza Saberi' == 'Alireza Saberi1'\nE         \nE         - Alireza Saberi1\nE         ?               -\nE         + Alireza Saberi\n\ntest_change_profile_info.py:37: AssertionError"}, "start": 1730583114612, "stop": 1730583115165, "uuid": "d6848855-c8ee-4794-8542-0f03c6bb5a8b", "historyId": "62a8a87a56195f2bea551a65603e1178", "testCaseId": "62a8a87a56195f2bea551a65603e1178", "fullName": "test_change_profile_info.Test_ChangeProfileInfo#test_changeProfileInfo", "labels": [{"name": "tag", "value": "@pytest.mark.usefixtures('log_on_failure', 'appium_driver')"}, {"name": "suite", "value": "test_change_profile_info"}, {"name": "subSuite", "value": "Test_ChangeProfileInfo"}, {"name": "host", "value": "UOFT24-PW01BQ0L"}, {"name": "thread", "value": "29156-MainThread"}, {"name": "framework", "value": "pytest"}, {"name": "language", "value": "cpython3"}, {"name": "package", "value": "test_change_profile_info"}]}