{"uid":"92462ac2bb579be9","name":"test_changeProfileInfo","fullName":"test_change_profile_info.Test_ChangeProfileInfo#test_changeProfileInfo","historyId":"62a8a87a56195f2bea551a65603e1178","time":{"start":1730581527807,"stop":1730581572045,"duration":44238},"status":"broken","statusMessage":"selenium.common.exceptions.NoSuchElementException: Message: An element could not be located on the page using the given search parameters.; For documentation on this error, please visit: https://www.selenium.dev/documentation/webdriver/troubleshooting/errors#no-such-element-exception\nStacktrace:\nNoSuchElementError: An element could not be located on the page using the given search parameters.\n    at AndroidUiautomator2Driver.findElOrEls (C:\\Users\\100964135\\.appium\\node_modules\\appium-uiautomator2-driver\\node_modules\\appium-android-driver\\lib\\commands\\find.ts:86:11)\n    at processTicksAndRejections (node:internal/process/task_queues:95:5)\n    at AndroidUiautomator2Driver.findElOrElsWithProcessing (C:\\Users\\100964135\\AppData\\Roaming\\npm\\node_modules\\appium\\node_modules\\@appium\\base-driver\\lib\\basedriver\\commands\\find.ts:60:12)\n    at AndroidUiautomator2Driver.findElement (C:\\Users\\100964135\\AppData\\Roaming\\npm\\node_modules\\appium\\node_modules\\@appium\\base-driver\\lib\\basedriver\\commands\\find.ts:75:12)","statusTrace":"self = <TestCases.test_change_profile_info.Test_ChangeProfileInfo object at 0x00000189B677A210>\nappium_driver = <appium.webdriver.webdriver.WebDriver (session=\"febc6152-cf7e-42ac-84c6-badd4a104a7e\")>\n\n    def test_changeProfileInfo(self, appium_driver):\n        name = \"Alireza Saberi\"\n        bio = \"I am a QA developer\"\n        link = \"https://www.linkedin.com/in/alireza-saberi/\"\n        gender = \"Male\"\n        birthday = \"07/12/1994\"\n        home = HomeScreen(appium_driver)\n        home.gotoProfile()\n        profile = ProfileScreen(appium_driver)\n        profile.gotoSettings()\n        profile.gotoProfileMenu()\n        editProfile = EditProfileScreen(appium_driver)\n        editProfile.clickOnChangePicture()\n        editProfile.clickOnLibraryPhoto()\n        editProfile.chosePhoto()\n        editProfile.zoomPhoto()\n        editProfile.swipePhoto()\n        editProfile.acceptPhoto()\n        editProfile.setName(name)\n        editProfile.setBio(bio)\n        editProfile.setLink(link)\n        editProfile.choseSex(gender)\n        editProfile.choseBirthday(birthday)\n        editProfile.clickOnSave()\n>       editProfile.clickOnOk()\n\ntest_change_profile_info.py:35: \n_ _ _ _ _ _ _ _ _ _ _ _ _ _ _ _ _ _ _ _ _ _ _ _ _ _ _ _ _ _ _ _ _ _ _ _ _ _ _ _\n..\\Pages\\EditProfileScreen.py:105: in clickOnOk\n    self.click(\"ok_XPATH\")\n..\\Pages\\BasePage.py:18: in click\n    self.driver.find_element(AppiumBy.XPATH, configReader.readConfig(\"locators\", locator)).click()\n..\\..\\..\\AppData\\Local\\Programs\\Python\\Python313\\Lib\\site-packages\\appium\\webdriver\\webdriver.py:382: in find_element\n    return self.execute(RemoteCommand.FIND_ELEMENT, {'using': by, 'value': value})['value']\n..\\..\\..\\AppData\\Local\\Programs\\Python\\Python313\\Lib\\site-packages\\selenium\\webdriver\\remote\\webdriver.py:354: in execute\n    self.error_handler.check_response(response)\n_ _ _ _ _ _ _ _ _ _ _ _ _ _ _ _ _ _ _ _ _ _ _ _ _ _ _ _ _ _ _ _ _ _ _ _ _ _ _ _\n\nself = <appium.webdriver.errorhandler.MobileErrorHandler object at 0x00000189B68BECF0>\nresponse = {'status': 404, 'value': '{\"value\":{\"error\":\"no such element\",\"message\":\"An element could not be located on the page u...ode_modules\\\\\\\\appium\\\\\\\\node_modules\\\\\\\\@appium\\\\\\\\base-driver\\\\\\\\lib\\\\\\\\basedriver\\\\\\\\commands\\\\\\\\find.ts:75:12)\"}}'}\n\n    def check_response(self, response: Dict[str, Any]) -> None:\n        \"\"\"\n        https://www.w3.org/TR/webdriver/#errors\n        \"\"\"\n        payload = response.get('value', '')\n        if isinstance(payload, dict):\n            payload_dict = payload\n        else:\n            try:\n                payload_dict = json.loads(payload)\n            except (json.JSONDecodeError, TypeError):\n                return\n            if not isinstance(payload_dict, dict):\n                return\n        value = payload_dict.get('value')\n        if not isinstance(value, dict):\n            return\n        error = value.get('error')\n        if not error:\n            return\n    \n        message = value.get('message', error)\n        stacktrace = value.get('stacktrace', '')\n        # In theory, we should also be checking HTTP status codes.\n        # Java client, for example, prints a warning if the actual `error`\n        # value does not match to the response's HTTP status code.\n        exception_class: Type[sel_exceptions.WebDriverException] = ERROR_TO_EXC_MAPPING.get(\n            error, sel_exceptions.WebDriverException\n        )\n        if exception_class is sel_exceptions.WebDriverException and message:\n            if message == 'No such context found.':\n                exception_class = appium_exceptions.NoSuchContextException\n            elif message == 'That command could not be executed in the current context.':\n                exception_class = appium_exceptions.InvalidSwitchToTargetException\n    \n        if exception_class is sel_exceptions.UnexpectedAlertPresentException:\n            raise sel_exceptions.UnexpectedAlertPresentException(\n                msg=message,\n                stacktrace=format_stacktrace(stacktrace),\n                alert_text=value.get('data'),\n            )\n>       raise exception_class(msg=message, stacktrace=format_stacktrace(stacktrace))\nE       selenium.common.exceptions.NoSuchElementException: Message: An element could not be located on the page using the given search parameters.; For documentation on this error, please visit: https://www.selenium.dev/documentation/webdriver/troubleshooting/errors#no-such-element-exception\nE       Stacktrace:\nE       NoSuchElementError: An element could not be located on the page using the given search parameters.\nE           at AndroidUiautomator2Driver.findElOrEls (C:\\Users\\100964135\\.appium\\node_modules\\appium-uiautomator2-driver\\node_modules\\appium-android-driver\\lib\\commands\\find.ts:86:11)\nE           at processTicksAndRejections (node:internal/process/task_queues:95:5)\nE           at AndroidUiautomator2Driver.findElOrElsWithProcessing (C:\\Users\\100964135\\AppData\\Roaming\\npm\\node_modules\\appium\\node_modules\\@appium\\base-driver\\lib\\basedriver\\commands\\find.ts:60:12)\nE           at AndroidUiautomator2Driver.findElement (C:\\Users\\100964135\\AppData\\Roaming\\npm\\node_modules\\appium\\node_modules\\@appium\\base-driver\\lib\\basedriver\\commands\\find.ts:75:12)\n\n..\\..\\..\\AppData\\Local\\Programs\\Python\\Python313\\Lib\\site-packages\\appium\\webdriver\\errorhandler.py:125: NoSuchElementException","flaky":false,"newFailed":false,"newBroken":false,"newPassed":false,"retriesCount":0,"retriesStatusChange":false,"beforeStages":[{"name":"appium_driver","time":{"start":1730581523056,"stop":1730581527806,"duration":4750},"status":"passed","steps":[],"attachments":[],"parameters":[],"hasContent":false,"shouldDisplayMessage":false,"attachmentsCount":0,"stepsCount":0,"attachmentStep":false},{"name":"log_on_failure","time":{"start":1730581527806,"stop":1730581527806,"duration":0},"status":"passed","steps":[],"attachments":[],"parameters":[],"hasContent":false,"shouldDisplayMessage":false,"attachmentsCount":0,"stepsCount":0,"attachmentStep":false}],"testStage":{"status":"broken","statusMessage":"selenium.common.exceptions.NoSuchElementException: Message: An element could not be located on the page using the given search parameters.; For documentation on this error, please visit: https://www.selenium.dev/documentation/webdriver/troubleshooting/errors#no-such-element-exception\nStacktrace:\nNoSuchElementError: An element could not be located on the page using the given search parameters.\n    at AndroidUiautomator2Driver.findElOrEls (C:\\Users\\100964135\\.appium\\node_modules\\appium-uiautomator2-driver\\node_modules\\appium-android-driver\\lib\\commands\\find.ts:86:11)\n    at processTicksAndRejections (node:internal/process/task_queues:95:5)\n    at AndroidUiautomator2Driver.findElOrElsWithProcessing (C:\\Users\\100964135\\AppData\\Roaming\\npm\\node_modules\\appium\\node_modules\\@appium\\base-driver\\lib\\basedriver\\commands\\find.ts:60:12)\n    at AndroidUiautomator2Driver.findElement (C:\\Users\\100964135\\AppData\\Roaming\\npm\\node_modules\\appium\\node_modules\\@appium\\base-driver\\lib\\basedriver\\commands\\find.ts:75:12)","statusTrace":"self = <TestCases.test_change_profile_info.Test_ChangeProfileInfo object at 0x00000189B677A210>\nappium_driver = <appium.webdriver.webdriver.WebDriver (session=\"febc6152-cf7e-42ac-84c6-badd4a104a7e\")>\n\n    def test_changeProfileInfo(self, appium_driver):\n        name = \"Alireza Saberi\"\n        bio = \"I am a QA developer\"\n        link = \"https://www.linkedin.com/in/alireza-saberi/\"\n        gender = \"Male\"\n        birthday = \"07/12/1994\"\n        home = HomeScreen(appium_driver)\n        home.gotoProfile()\n        profile = ProfileScreen(appium_driver)\n        profile.gotoSettings()\n        profile.gotoProfileMenu()\n        editProfile = EditProfileScreen(appium_driver)\n        editProfile.clickOnChangePicture()\n        editProfile.clickOnLibraryPhoto()\n        editProfile.chosePhoto()\n        editProfile.zoomPhoto()\n        editProfile.swipePhoto()\n        editProfile.acceptPhoto()\n        editProfile.setName(name)\n        editProfile.setBio(bio)\n        editProfile.setLink(link)\n        editProfile.choseSex(gender)\n        editProfile.choseBirthday(birthday)\n        editProfile.clickOnSave()\n>       editProfile.clickOnOk()\n\ntest_change_profile_info.py:35: \n_ _ _ _ _ _ _ _ _ _ _ _ _ _ _ _ _ _ _ _ _ _ _ _ _ _ _ _ _ _ _ _ _ _ _ _ _ _ _ _\n..\\Pages\\EditProfileScreen.py:105: in clickOnOk\n    self.click(\"ok_XPATH\")\n..\\Pages\\BasePage.py:18: in click\n    self.driver.find_element(AppiumBy.XPATH, configReader.readConfig(\"locators\", locator)).click()\n..\\..\\..\\AppData\\Local\\Programs\\Python\\Python313\\Lib\\site-packages\\appium\\webdriver\\webdriver.py:382: in find_element\n    return self.execute(RemoteCommand.FIND_ELEMENT, {'using': by, 'value': value})['value']\n..\\..\\..\\AppData\\Local\\Programs\\Python\\Python313\\Lib\\site-packages\\selenium\\webdriver\\remote\\webdriver.py:354: in execute\n    self.error_handler.check_response(response)\n_ _ _ _ _ _ _ _ _ _ _ _ _ _ _ _ _ _ _ _ _ _ _ _ _ _ _ _ _ _ _ _ _ _ _ _ _ _ _ _\n\nself = <appium.webdriver.errorhandler.MobileErrorHandler object at 0x00000189B68BECF0>\nresponse = {'status': 404, 'value': '{\"value\":{\"error\":\"no such element\",\"message\":\"An element could not be located on the page u...ode_modules\\\\\\\\appium\\\\\\\\node_modules\\\\\\\\@appium\\\\\\\\base-driver\\\\\\\\lib\\\\\\\\basedriver\\\\\\\\commands\\\\\\\\find.ts:75:12)\"}}'}\n\n    def check_response(self, response: Dict[str, Any]) -> None:\n        \"\"\"\n        https://www.w3.org/TR/webdriver/#errors\n        \"\"\"\n        payload = response.get('value', '')\n        if isinstance(payload, dict):\n            payload_dict = payload\n        else:\n            try:\n                payload_dict = json.loads(payload)\n            except (json.JSONDecodeError, TypeError):\n                return\n            if not isinstance(payload_dict, dict):\n                return\n        value = payload_dict.get('value')\n        if not isinstance(value, dict):\n            return\n        error = value.get('error')\n        if not error:\n            return\n    \n        message = value.get('message', error)\n        stacktrace = value.get('stacktrace', '')\n        # In theory, we should also be checking HTTP status codes.\n        # Java client, for example, prints a warning if the actual `error`\n        # value does not match to the response's HTTP status code.\n        exception_class: Type[sel_exceptions.WebDriverException] = ERROR_TO_EXC_MAPPING.get(\n            error, sel_exceptions.WebDriverException\n        )\n        if exception_class is sel_exceptions.WebDriverException and message:\n            if message == 'No such context found.':\n                exception_class = appium_exceptions.NoSuchContextException\n            elif message == 'That command could not be executed in the current context.':\n                exception_class = appium_exceptions.InvalidSwitchToTargetException\n    \n        if exception_class is sel_exceptions.UnexpectedAlertPresentException:\n            raise sel_exceptions.UnexpectedAlertPresentException(\n                msg=message,\n                stacktrace=format_stacktrace(stacktrace),\n                alert_text=value.get('data'),\n            )\n>       raise exception_class(msg=message, stacktrace=format_stacktrace(stacktrace))\nE       selenium.common.exceptions.NoSuchElementException: Message: An element could not be located on the page using the given search parameters.; For documentation on this error, please visit: https://www.selenium.dev/documentation/webdriver/troubleshooting/errors#no-such-element-exception\nE       Stacktrace:\nE       NoSuchElementError: An element could not be located on the page using the given search parameters.\nE           at AndroidUiautomator2Driver.findElOrEls (C:\\Users\\100964135\\.appium\\node_modules\\appium-uiautomator2-driver\\node_modules\\appium-android-driver\\lib\\commands\\find.ts:86:11)\nE           at processTicksAndRejections (node:internal/process/task_queues:95:5)\nE           at AndroidUiautomator2Driver.findElOrElsWithProcessing (C:\\Users\\100964135\\AppData\\Roaming\\npm\\node_modules\\appium\\node_modules\\@appium\\base-driver\\lib\\basedriver\\commands\\find.ts:60:12)\nE           at AndroidUiautomator2Driver.findElement (C:\\Users\\100964135\\AppData\\Roaming\\npm\\node_modules\\appium\\node_modules\\@appium\\base-driver\\lib\\basedriver\\commands\\find.ts:75:12)\n\n..\\..\\..\\AppData\\Local\\Programs\\Python\\Python313\\Lib\\site-packages\\appium\\webdriver\\errorhandler.py:125: NoSuchElementException","steps":[],"attachments":[{"uid":"73e2c355c4526d9a","name":"log","source":"73e2c355c4526d9a.txt","type":"text/plain","size":1258}],"parameters":[],"hasContent":true,"shouldDisplayMessage":true,"attachmentsCount":1,"stepsCount":0,"attachmentStep":false},"afterStages":[{"name":"log_on_failure::0","time":{"start":1730581572133,"stop":1730581572643,"duration":510},"status":"passed","steps":[],"attachments":[{"uid":"95c4c1774c09b053","name":"screenshot","source":"95c4c1774c09b053.png","type":"image/png","size":188886}],"parameters":[],"hasContent":true,"shouldDisplayMessage":false,"attachmentsCount":1,"stepsCount":0,"attachmentStep":false},{"name":"appium_driver::0","time":{"start":1730581572644,"stop":1730581572919,"duration":275},"status":"passed","steps":[],"attachments":[],"parameters":[],"hasContent":false,"shouldDisplayMessage":false,"attachmentsCount":0,"stepsCount":0,"attachmentStep":false}],"labels":[{"name":"tag","value":"@pytest.mark.usefixtures('log_on_failure', 'appium_driver')"},{"name":"suite","value":"test_change_profile_info"},{"name":"subSuite","value":"Test_ChangeProfileInfo"},{"name":"host","value":"UOFT24-PW01BQ0L"},{"name":"thread","value":"15500-MainThread"},{"name":"framework","value":"pytest"},{"name":"language","value":"cpython3"},{"name":"package","value":"test_change_profile_info"},{"name":"resultFormat","value":"allure2"}],"parameters":[],"links":[],"hidden":true,"retry":true,"extra":{"categories":[],"tags":["@pytest.mark.usefixtures('log_on_failure', 'appium_driver')"]},"source":"92462ac2bb579be9.json","parameterValues":[]}